<?xml version="1.0" encoding="UTF-8"?>
<testsuite name="service.BookingServiceText" tests="4" skipped="0" failures="0" errors="0" timestamp="2021-05-28T01:37:27" hostname="DESKTOP-AQVJT90" time="0.027">
  <properties/>
  <testcase name="checkVerifyThatTheReservationWasLoadedWithInformationFromTheHotel()" classname="service.BookingServiceText" time="0.012"/>
  <testcase name="checkBestHotelWithValueDuplicateWithBestValueAndRank()" classname="service.BookingServiceText" time="0.002"/>
  <testcase name="checkCorrectScenarioOfTheBestBooking()" classname="service.BookingServiceText" time="0.01"/>
  <testcase name="checkBestHotelWithBestValue()" classname="service.BookingServiceText" time="0.001"/>
  <system-out><![CDATA[]]></system-out>
  <system-err><![CDATA[]]></system-err>
</testsuite>
